{"/Users/zlfeng/.gemini/antigravity/playground/retrograde-triangulum/src/components/ui/Button.tsx": {"path":"/Users/zlfeng/.gemini/antigravity/playground/retrograde-triangulum/src/components/ui/Button.tsx","statementMap":{"0":{"start":{"line":9,"column":23},"end":{"line":24,"column":null}},"1":{"start":{"line":26,"column":15},"end":{"line":41,"column":null}},"2":{"start":{"line":28,"column":8},"end":{"line":38,"column":null}},"3":{"start":{"line":42,"column":0},"end":{"line":42,"column":null}}},"fnMap":{"0":{"name":"(anonymous_0)","decl":{"start":{"line":27,"column":4},"end":{"line":27,"column":5}},"loc":{"start":{"line":27,"column":77},"end":{"line":40,"column":null}},"line":27}},"branchMap":{"0":{"loc":{"start":{"line":27,"column":18},"end":{"line":27,"column":39}},"type":"default-arg","locations":[{"start":{"line":27,"column":28},"end":{"line":27,"column":39}}],"line":27},"1":{"loc":{"start":{"line":27,"column":39},"end":{"line":27,"column":57}},"type":"default-arg","locations":[{"start":{"line":27,"column":46},"end":{"line":27,"column":57}}],"line":27}},"s":{"0":2,"1":2,"2":18,"3":2},"f":{"0":18},"b":{"0":[18],"1":[18]},"meta":{"lastBranch":2,"lastFunction":1,"lastStatement":4,"seen":{"s:9:23:24:Infinity":0,"s:26:15:41:Infinity":1,"f:27:4:27:5":0,"b:27:28:27:39":0,"b:27:46:27:57":1,"s:28:8:38:Infinity":2,"s:42:0:42:Infinity":3}}}
,"/Users/zlfeng/.gemini/antigravity/playground/retrograde-triangulum/src/components/ui/DataTable.tsx": {"path":"/Users/zlfeng/.gemini/antigravity/playground/retrograde-triangulum/src/components/ui/DataTable.tsx","statementMap":{"0":{"start":{"line":22,"column":10},"end":{"line":29,"column":null}},"1":{"start":{"line":31,"column":4},"end":{"line":101,"column":null}},"2":{"start":{"line":38,"column":32},"end":{"line":51,"column":null}},"3":{"start":{"line":40,"column":40},"end":{"line":48,"column":null}},"4":{"start":{"line":57,"column":36},"end":{"line":66,"column":null}},"5":{"start":{"line":62,"column":44},"end":{"line":64,"column":null}},"6":{"start":{"line":85,"column":35},"end":{"line":85,"column":null}},"7":{"start":{"line":94,"column":35},"end":{"line":94,"column":null}}},"fnMap":{"0":{"name":"DataTable","decl":{"start":{"line":17,"column":16},"end":{"line":17,"column":41}},"loc":{"start":{"line":21,"column":34},"end":{"line":103,"column":null}},"line":21},"1":{"name":"(anonymous_1)","decl":{"start":{"line":37,"column":57},"end":{"line":37,"column":58}},"loc":{"start":{"line":38,"column":32},"end":{"line":51,"column":null}},"line":38},"2":{"name":"(anonymous_2)","decl":{"start":{"line":39,"column":61},"end":{"line":39,"column":62}},"loc":{"start":{"line":39,"column":73},"end":{"line":50,"column":37}},"line":39},"3":{"name":"(anonymous_3)","decl":{"start":{"line":56,"column":61},"end":{"line":56,"column":62}},"loc":{"start":{"line":57,"column":36},"end":{"line":66,"column":null}},"line":57},"4":{"name":"(anonymous_4)","decl":{"start":{"line":61,"column":67},"end":{"line":61,"column":68}},"loc":{"start":{"line":62,"column":44},"end":{"line":64,"column":null}},"line":62},"5":{"name":"(anonymous_5)","decl":{"start":{"line":85,"column":29},"end":{"line":85,"column":35}},"loc":{"start":{"line":85,"column":35},"end":{"line":85,"column":null}},"line":85},"6":{"name":"(anonymous_6)","decl":{"start":{"line":94,"column":29},"end":{"line":94,"column":35}},"loc":{"start":{"line":94,"column":35},"end":{"line":94,"column":null}},"line":94}},"branchMap":{"0":{"loc":{"start":{"line":42,"column":49},"end":{"line":47,"column":null}},"type":"cond-expr","locations":[{"start":{"line":43,"column":54},"end":{"line":43,"column":null}},{"start":{"line":43,"column":54},"end":{"line":47,"column":null}}],"line":42},"1":{"loc":{"start":{"line":55,"column":29},"end":{"line":73,"column":null}},"type":"cond-expr","locations":[{"start":{"line":56,"column":32},"end":{"line":67,"column":null}},{"start":{"line":69,"column":32},"end":{"line":73,"column":null}}],"line":55}},"s":{"0":5,"1":5,"2":5,"3":10,"4":8,"5":16,"6":0,"7":0},"f":{"0":5,"1":5,"2":10,"3":8,"4":16,"5":0,"6":0},"b":{"0":[0,10],"1":[4,1]},"meta":{"lastBranch":2,"lastFunction":7,"lastStatement":8,"seen":{"f:17:16:17:41":0,"s:22:10:29:Infinity":0,"s:31:4:101:Infinity":1,"f:37:57:37:58":1,"s:38:32:51:Infinity":2,"f:39:61:39:62":2,"s:40:40:48:Infinity":3,"b:43:54:43:Infinity:43:54:47:Infinity":0,"b:56:32:67:Infinity:69:32:73:Infinity":1,"f:56:61:56:62":3,"s:57:36:66:Infinity":4,"f:61:67:61:68":4,"s:62:44:64:Infinity":5,"f:85:29:85:35":5,"s:85:35:85:Infinity":6,"f:94:29:94:35":6,"s:94:35:94:Infinity":7}}}
,"/Users/zlfeng/.gemini/antigravity/playground/retrograde-triangulum/src/components/ui/Input.tsx": {"path":"/Users/zlfeng/.gemini/antigravity/playground/retrograde-triangulum/src/components/ui/Input.tsx","statementMap":{"0":{"start":{"line":6,"column":14},"end":{"line":20,"column":null}},"1":{"start":{"line":8,"column":8},"end":{"line":17,"column":null}},"2":{"start":{"line":21,"column":0},"end":{"line":21,"column":null}}},"fnMap":{"0":{"name":"(anonymous_0)","decl":{"start":{"line":7,"column":4},"end":{"line":7,"column":5}},"loc":{"start":{"line":7,"column":44},"end":{"line":19,"column":null}},"line":7}},"branchMap":{},"s":{"0":1,"1":5,"2":1},"f":{"0":5},"b":{},"meta":{"lastBranch":0,"lastFunction":1,"lastStatement":3,"seen":{"s:6:14:20:Infinity":0,"f:7:4:7:5":0,"s:8:8:17:Infinity":1,"s:21:0:21:Infinity":2}}}
,"/Users/zlfeng/.gemini/antigravity/playground/retrograde-triangulum/src/components/ui/Label.tsx": {"path":"/Users/zlfeng/.gemini/antigravity/playground/retrograde-triangulum/src/components/ui/Label.tsx","statementMap":{"0":{"start":{"line":4,"column":14},"end":{"line":15,"column":null}},"1":{"start":{"line":6,"column":8},"end":{"line":13,"column":null}},"2":{"start":{"line":16,"column":0},"end":{"line":16,"column":null}}},"fnMap":{"0":{"name":"(anonymous_0)","decl":{"start":{"line":5,"column":4},"end":{"line":5,"column":5}},"loc":{"start":{"line":6,"column":8},"end":{"line":13,"column":null}},"line":6}},"branchMap":{},"s":{"0":1,"1":4,"2":1},"f":{"0":4},"b":{},"meta":{"lastBranch":0,"lastFunction":1,"lastStatement":3,"seen":{"s:4:14:15:Infinity":0,"f:5:4:5:5":0,"s:6:8:13:Infinity":1,"s:16:0:16:Infinity":2}}}
,"/Users/zlfeng/.gemini/antigravity/playground/retrograde-triangulum/src/components/ui/Modal.tsx": {"path":"/Users/zlfeng/.gemini/antigravity/playground/retrograde-triangulum/src/components/ui/Modal.tsx","statementMap":{"0":{"start":{"line":12,"column":4},"end":{"line":12,"column":null}},"1":{"start":{"line":12,"column":17},"end":{"line":12,"column":null}},"2":{"start":{"line":14,"column":4},"end":{"line":40,"column":null}}},"fnMap":{"0":{"name":"Modal","decl":{"start":{"line":11,"column":16},"end":{"line":11,"column":22}},"loc":{"start":{"line":11,"column":72},"end":{"line":42,"column":null}},"line":11}},"branchMap":{"0":{"loc":{"start":{"line":12,"column":4},"end":{"line":12,"column":null}},"type":"if","locations":[{"start":{"line":12,"column":4},"end":{"line":12,"column":null}},{"start":{},"end":{}}],"line":12}},"s":{"0":4,"1":1,"2":3},"f":{"0":4},"b":{"0":[1,3]},"meta":{"lastBranch":1,"lastFunction":1,"lastStatement":3,"seen":{"f:11:16:11:22":0,"b:12:4:12:Infinity:undefined:undefined:undefined:undefined":0,"s:12:4:12:Infinity":0,"s:12:17:12:Infinity":1,"s:14:4:40:Infinity":2}}}
,"/Users/zlfeng/.gemini/antigravity/playground/retrograde-triangulum/src/lib/utils.ts": {"path":"/Users/zlfeng/.gemini/antigravity/playground/retrograde-triangulum/src/lib/utils.ts","statementMap":{"0":{"start":{"line":5,"column":4},"end":{"line":5,"column":null}}},"fnMap":{"0":{"name":"cn","decl":{"start":{"line":4,"column":16},"end":{"line":4,"column":22}},"loc":{"start":{"line":4,"column":44},"end":{"line":6,"column":null}},"line":4}},"branchMap":{},"s":{"0":32},"f":{"0":32},"b":{},"meta":{"lastBranch":0,"lastFunction":1,"lastStatement":1,"seen":{"f:4:16:4:22":0,"s:5:4:5:Infinity":0}}}
}
